<?xml version="1.0" encoding="UTF-8"?>
<!-- Generated by org.testng.reporters.JUnitXMLReporter -->
<testsuite ignored="4" hostname="CITKalpesh" failures="0" tests="1" name="Default test" time="11.725" errors="0" timestamp="2025-03-10T14:26:33 IST">
  <testcase classname="sauce_Labs_TestClasses.HomePageTest" name="getItemList" time="0.134"/>
  <testcase classname="sauce_Labs_TestClasses.HomePageTest" name="itemCheckoutFlowUsingFaker" time="0.0">
    <ignored/>
  </testcase> <!-- itemCheckoutFlowUsingFaker -->
  <testcase classname="sauce_Labs_TestClasses.HomePageTest" name="itemaddToCart" time="0.0">
    <ignored/>
  </testcase> <!-- itemaddToCart -->
  <testcase classname="sauce_Labs_TestClasses.HomePageTest" name="homepglogo" time="0.0">
    <ignored/>
  </testcase> <!-- homepglogo -->
  <testcase classname="sauce_Labs_TestClasses.HomePageTest" name="itemCheckoutFlow" time="0.0">
    <ignored/>
  </testcase> <!-- itemCheckoutFlow -->
</testsuite> <!-- Default test -->
