<?xml version="1.0" encoding="UTF-8"?>
<testng-results ignored="4" total="5" passed="1" failed="0" skipped="0">
  <reporter-output>
  </reporter-output>
  <suite started-at="2025-03-10T14:26:21 IST" name="Default suite" finished-at="2025-03-10T14:26:32 IST" duration-ms="11725">
    <groups>
    </groups>
    <test started-at="2025-03-10T14:26:21 IST" name="Default test" finished-at="2025-03-10T14:26:32 IST" duration-ms="11725">
      <class name="sauce_Labs_TestClasses.HomePageTest">
        <test-method is-config="true" signature="setup()[pri:0, instance:sauce_Labs_TestClasses.HomePageTest@4d5d943d]" started-at="2025-03-10T14:26:21 IST" name="setup" finished-at="2025-03-10T14:26:32 IST" duration-ms="11526" status="PASS">
          <reporter-output>
          </reporter-output>
        </test-method> <!-- setup -->
        <test-method signature="getItemList()[pri:0, instance:sauce_Labs_TestClasses.HomePageTest@4d5d943d]" started-at="2025-03-10T14:26:32 IST" name="getItemList" finished-at="2025-03-10T14:26:32 IST" duration-ms="134" status="PASS">
          <reporter-output>
          </reporter-output>
        </test-method> <!-- getItemList -->
      </class> <!-- sauce_Labs_TestClasses.HomePageTest -->
    </test> <!-- Default test -->
  </suite> <!-- Default suite -->
</testng-results>
